<?xml version="1.0" encoding="UTF-8"?>
<!-- Generated by org.testng.reporters.JUnitReportReporter -->
<testsuite skipped="0" hostname="DESKTOP-D9VQO73" name="pkgTest.TestGitHub" tests="1" failures="0" timestamp="05 Oct 2018 03:20:55 GMT" time="0.004" errors="0">
  <testcase name="test" time="0.004" classname="pkgTest.TestGitHub"/>
</testsuite> <!-- pkgTest.TestGitHub -->
